mode: count
datacenter/controllers/base.go:16.55,22.2 1 0
datacenter/controllers/base.go:24.47,30.2 1 0
datacenter/controllers/base.go:32.51,37.2 1 0
datacenter/controllers/base.go:39.63,43.2 1 0
datacenter/g/cfg.go:29.37,30.15 1 1
datacenter/g/cfg.go:34.2,34.24 1 1
datacenter/g/cfg.go:38.2,39.16 2 1
datacenter/g/cfg.go:46.2,50.22 4 1
datacenter/g/cfg.go:30.15,32.3 1 0
datacenter/g/cfg.go:34.24,36.3 1 0
datacenter/g/cfg.go:39.16,42.3 1 0
datacenter/g/cfg.go:54.52,57.22 1 1
datacenter/g/cfg.go:57.22,59.3 1 1
datacenter/g/cfg.go:59.8,61.43 2 0
datacenter/g/cfg.go:61.43,63.4 1 0
datacenter/g/cfg.go:63.9,65.4 1 0
datacenter/g/cfg.go:70.33,73.16 3 1
datacenter/g/cfg.go:73.16,75.3 1 0
datacenter/g/cfg.go:78.33,82.35 3 1
datacenter/g/cfg.go:91.2,91.14 1 1
datacenter/g/cfg.go:82.35,84.15 2 1
datacenter/g/cfg.go:84.15,87.9 3 1
datacenter/g/cfg.go:91.14,94.3 2 1
datacenter/g/cfg.go:94.8,96.3 1 0
datacenter/g/cfg.go:99.26,104.2 3 4
datacenter/g/vars.go:14.13,19.2 4 1
datacenter/modules/mysql_gorm.go:24.34,36.16 2 1
datacenter/modules/mysql_gorm.go:40.2,52.22 6 1
datacenter/modules/mysql_gorm.go:36.16,38.3 1 0
datacenter/modules/mysql_gorm.go:56.69,64.25 4 0
datacenter/modules/mysql_gorm.go:67.2,69.18 3 0
datacenter/modules/mysql_gorm.go:84.2,84.8 1 0
datacenter/modules/mysql_gorm.go:64.25,66.3 1 0
datacenter/modules/mysql_gorm.go:69.18,75.26 3 0
datacenter/modules/mysql_gorm.go:81.3,82.6 2 0
datacenter/modules/mysql_gorm.go:75.26,79.4 2 0
datacenter/modules/mysql_gorm.go:88.59,96.25 4 0
datacenter/modules/mysql_gorm.go:100.2,101.18 2 0
datacenter/modules/mysql_gorm.go:116.2,116.8 1 0
datacenter/modules/mysql_gorm.go:96.25,98.3 1 0
datacenter/modules/mysql_gorm.go:101.18,107.26 3 0
datacenter/modules/mysql_gorm.go:113.3,113.31 1 0
datacenter/modules/mysql_gorm.go:107.26,111.4 2 0
datacenter/middleware/logg.go:16.53,19.2 2 2
datacenter/middleware/logg.go:21.38,23.30 1 1
datacenter/middleware/logg.go:23.30,60.53 8 2
datacenter/middleware/logg.go:60.53,70.4 1 0
datacenter/funcs/oAuthconfig.go:35.19,70.16 7 1
datacenter/funcs/oAuthconfig.go:74.2,79.102 3 1
datacenter/funcs/oAuthconfig.go:70.16,72.3 1 0
datacenter/funcs/oAuthconfig.go:79.102,82.17 2 0
datacenter/funcs/oAuthconfig.go:85.3,87.62 3 0
datacenter/funcs/oAuthconfig.go:95.3,100.9 5 0
datacenter/funcs/oAuthconfig.go:82.17,84.4 1 0
datacenter/funcs/oAuthconfig.go:87.62,90.4 2 0
datacenter/funcs/oAuthconfig.go:90.9,93.4 2 0
datacenter/funcs/oAuthconfig.go:119.94,124.16 5 0
datacenter/funcs/oAuthconfig.go:128.2,130.9 3 0
datacenter/funcs/oAuthconfig.go:143.2,146.8 4 0
datacenter/funcs/oAuthconfig.go:124.16,126.3 1 0
datacenter/funcs/oAuthconfig.go:130.9,131.20 1 0
datacenter/funcs/oAuthconfig.go:135.3,140.9 5 0
datacenter/funcs/oAuthconfig.go:131.20,133.4 1 0
datacenter/controllers/auth.go:33.33,37.16 3 0
datacenter/controllers/auth.go:42.2,46.16 4 0
datacenter/controllers/auth.go:51.2,66.39 4 0
datacenter/controllers/auth.go:37.16,39.3 1 0
datacenter/controllers/auth.go:46.16,49.3 2 0
datacenter/controllers/auth.go:69.28,75.16 3 0
datacenter/controllers/auth.go:85.2,85.12 1 0
datacenter/controllers/auth.go:106.2,110.16 3 0
datacenter/controllers/auth.go:116.2,116.43 1 0
datacenter/controllers/auth.go:75.16,78.3 2 0
datacenter/controllers/auth.go:87.34,91.27 3 0
datacenter/controllers/auth.go:97.3,97.65 1 0
datacenter/controllers/auth.go:102.25,102.25 0 0
datacenter/controllers/auth.go:91.27,94.4 2 0
datacenter/controllers/auth.go:97.65,100.4 2 0
datacenter/controllers/auth.go:110.16,113.3 2 0
datacenter/controllers/auth.go:120.33,150.25 21 0
datacenter/controllers/auth.go:195.2,196.8 2 0
datacenter/controllers/auth.go:150.25,152.16 2 0
datacenter/controllers/auth.go:152.16,157.28 2 0
datacenter/controllers/auth.go:157.28,160.5 2 0
datacenter/controllers/auth.go:162.8,182.27 15 0
datacenter/controllers/auth.go:182.27,185.4 2 0
datacenter/controllers/auth.go:185.9,189.28 2 0
datacenter/controllers/auth.go:189.28,192.5 2 0
datacenter/controllers/auth.go:199.35,215.25 7 0
datacenter/controllers/auth.go:223.2,223.50 1 0
datacenter/controllers/auth.go:215.25,222.3 4 0
datacenter/controllers/auth.go:227.35,255.25 17 0
datacenter/controllers/auth.go:299.2,300.8 2 0
datacenter/controllers/auth.go:255.25,275.26 15 0
datacenter/controllers/auth.go:275.26,279.28 2 0
datacenter/controllers/auth.go:279.28,286.29 7 0
datacenter/controllers/auth.go:286.29,289.6 2 0
datacenter/controllers/auth.go:290.10,294.5 3 0
datacenter/controllers/auth.go:296.8,298.3 1 0
datacenter/controllers/auth.go:304.31,319.15 8 0
datacenter/controllers/auth.go:335.2,336.8 2 0
datacenter/controllers/auth.go:319.15,328.27 7 0
datacenter/controllers/auth.go:332.3,332.45 1 0
datacenter/controllers/auth.go:328.27,331.4 2 0
datacenter/main.go:20.17,30.2 3 1
datacenter/main.go:31.36,38.31 2 1
datacenter/main.go:43.2,57.8 6 1
datacenter/main.go:38.31,40.3 1 0
datacenter/main.go:40.8,42.3 1 1
datacenter/main.go:60.21,63.16 2 1
datacenter/main.go:68.2,71.16 2 1
datacenter/main.go:63.16,64.13 1 0
datacenter/main.go:74.13,81.2 4 0
datacenter/g/log.go:15.30,21.2 2 1
datacenter/g/log.go:23.29,27.2 3 2
datacenter/modules/mongodb.go:17.41,24.16 5 0
datacenter/modules/mongodb.go:28.2,29.16 2 0
datacenter/modules/mongodb.go:32.2,32.50 1 0
datacenter/modules/mongodb.go:24.16,26.3 1 0
datacenter/modules/mongodb.go:29.16,31.3 1 0
datacenter/modules/mongodb.go:36.69,41.2 2 0
datacenter/modules/mongodb.go:44.74,55.16 4 0
datacenter/modules/mongodb.go:61.2,61.31 1 0
datacenter/modules/mongodb.go:71.2,71.34 1 0
datacenter/modules/mongodb.go:76.2,78.21 2 0
datacenter/modules/mongodb.go:55.16,57.3 1 0
datacenter/modules/mongodb.go:61.31,65.17 3 0
datacenter/modules/mongodb.go:68.3,68.34 1 0
datacenter/modules/mongodb.go:65.17,66.12 1 0
datacenter/modules/mongodb.go:71.34,73.3 1 0
datacenter/modules/mongodb.go:81.41,86.2 1 0
datacenter/funcs/clientStoreOptions.go:14.59,15.30 1 0
datacenter/funcs/clientStoreOptions.go:15.30,17.3 1 0
datacenter/funcs/es.go:19.15,25.16 3 1
datacenter/funcs/es.go:25.16,28.3 1 0
datacenter/utils/tools.go:18.31,23.2 3 0
datacenter/controllers/api.go:26.32,30.16 3 0
datacenter/controllers/api.go:35.2,39.9 4 0
datacenter/controllers/api.go:47.2,48.9 2 0
datacenter/controllers/api.go:54.2,54.37 1 0
datacenter/controllers/api.go:60.2,62.8 3 0
datacenter/controllers/api.go:74.2,91.14 6 0
datacenter/controllers/api.go:130.2,132.14 2 0
datacenter/controllers/api.go:142.2,144.8 2 0
datacenter/controllers/api.go:202.2,204.16 2 0
datacenter/controllers/api.go:207.2,211.15 3 0
datacenter/controllers/api.go:234.2,241.17 4 0
datacenter/controllers/api.go:30.16,33.3 2 0
datacenter/controllers/api.go:39.9,41.3 1 0
datacenter/controllers/api.go:41.8,43.3 1 0
datacenter/controllers/api.go:48.9,50.3 1 0
datacenter/controllers/api.go:50.8,52.3 1 0
datacenter/controllers/api.go:54.37,57.3 2 0
datacenter/controllers/api.go:62.8,65.17 2 0
datacenter/controllers/api.go:65.17,68.4 2 0
datacenter/controllers/api.go:92.24,93.40 1 0
datacenter/controllers/api.go:116.3,116.8 1 0
datacenter/controllers/api.go:117.23,119.36 2 0
datacenter/controllers/api.go:125.3,125.32 1 0
datacenter/controllers/api.go:93.40,96.68 2 0
datacenter/controllers/api.go:101.4,102.33 2 0
datacenter/controllers/api.go:96.68,100.5 2 0
datacenter/controllers/api.go:104.9,105.33 1 0
datacenter/controllers/api.go:105.33,112.5 2 0
datacenter/controllers/api.go:119.36,123.4 2 0
datacenter/controllers/api.go:132.14,134.42 2 0
datacenter/controllers/api.go:137.3,138.33 2 0
datacenter/controllers/api.go:134.42,136.4 1 0
datacenter/controllers/api.go:144.8,149.3 3 0
datacenter/controllers/api.go:204.16,205.13 1 0
datacenter/controllers/api.go:211.15,212.46 1 0
datacenter/controllers/api.go:212.46,217.18 4 0
datacenter/controllers/api.go:217.18,219.13 2 0
datacenter/controllers/api.go:223.8,227.3 2 0
datacenter/controllers/api.go:250.38,264.16 3 0
datacenter/controllers/api.go:269.2,271.61 2 0
datacenter/controllers/api.go:277.2,285.16 2 0
datacenter/controllers/api.go:290.2,290.25 1 0
datacenter/controllers/api.go:296.2,297.8 2 0
datacenter/controllers/api.go:264.16,267.3 2 0
datacenter/controllers/api.go:271.61,274.3 2 0
datacenter/controllers/api.go:285.16,288.3 2 0
datacenter/controllers/api.go:290.25,294.3 2 0
datacenter/controllers/demo.go:18.35,26.80 4 0
datacenter/controllers/demo.go:31.2,37.4 1 0
datacenter/controllers/demo.go:26.80,29.3 2 0
datacenter/controllers/demo.go:40.32,42.16 2 0
datacenter/controllers/demo.go:46.2,52.16 5 0
datacenter/controllers/demo.go:58.2,70.4 3 0
datacenter/controllers/demo.go:42.16,45.3 2 0
datacenter/controllers/demo.go:52.16,55.3 2 0
datacenter/controllers/demo.go:74.33,78.16 2 1
datacenter/controllers/demo.go:85.2,85.92 1 1
datacenter/controllers/demo.go:90.2,92.16 3 1
datacenter/controllers/demo.go:96.2,97.28 2 1
datacenter/controllers/demo.go:105.2,105.49 1 0
datacenter/controllers/demo.go:78.16,81.3 2 0
datacenter/controllers/demo.go:85.92,88.3 2 0
datacenter/controllers/demo.go:92.16,94.3 1 0
datacenter/controllers/demo.go:97.28,104.3 2 1
datacenter/controllers/demo.go:108.33,112.65 2 0
datacenter/controllers/demo.go:115.2,115.28 1 0
datacenter/controllers/demo.go:122.2,122.49 1 0
datacenter/controllers/demo.go:112.65,114.3 1 0
datacenter/controllers/demo.go:115.28,121.3 2 0
datacenter/controllers/demo.go:125.33,130.22 3 0
datacenter/controllers/demo.go:137.2,140.8 2 0
datacenter/controllers/demo.go:130.22,135.3 2 0
datacenter/controllers/demo.go:143.42,145.16 2 0
datacenter/controllers/demo.go:149.2,153.85 2 0
datacenter/controllers/demo.go:158.2,159.16 2 0
datacenter/controllers/demo.go:165.2,171.44 3 0
datacenter/controllers/demo.go:183.2,199.16 4 0
datacenter/controllers/demo.go:204.2,212.4 2 0
datacenter/controllers/demo.go:145.16,148.3 2 0
datacenter/controllers/demo.go:153.85,156.3 2 0
datacenter/controllers/demo.go:159.16,162.3 2 0
datacenter/controllers/demo.go:172.14,176.8 2 0
datacenter/controllers/demo.go:177.14,181.8 2 0
datacenter/controllers/demo.go:199.16,202.3 2 0
datacenter/routers/groups.go:9.36,12.39 1 1
datacenter/routers/groups.go:23.2,48.59 18 1
datacenter/routers/groups.go:12.39,18.3 1 1
datacenter/modules/authModules.go:24.32,26.2 1 0
datacenter/modules/authModules.go:42.46,45.2 1 0
datacenter/modules/authModules.go:48.45,50.2 1 0
datacenter/modules/authModules.go:53.49,55.2 1 0
datacenter/modules/authModules.go:58.49,60.2 1 0
datacenter/modules/authModules.go:63.49,65.2 1 0
datacenter/funcs/clientStore.go:28.104,35.28 2 1
datacenter/funcs/clientStore.go:39.2,41.30 2 1
datacenter/funcs/clientStore.go:51.2,51.19 1 1
datacenter/funcs/clientStore.go:35.28,37.3 1 0
datacenter/funcs/clientStore.go:41.30,44.17 2 1
datacenter/funcs/clientStore.go:44.17,45.56 1 0
datacenter/funcs/clientStore.go:45.56,47.5 1 0
datacenter/funcs/clientStore.go:54.41,80.31 2 1
datacenter/funcs/clientStore.go:86.2,86.12 1 1
datacenter/funcs/clientStore.go:80.31,84.3 3 0
datacenter/funcs/clientStore.go:96.90,97.14 1 0
datacenter/funcs/clientStore.go:101.2,104.21 3 0
datacenter/funcs/clientStore.go:107.2,107.26 1 0
datacenter/funcs/clientStore.go:111.2,111.27 1 0
datacenter/funcs/clientStore.go:97.14,99.3 1 0
datacenter/funcs/clientStore.go:104.21,106.3 1 0
datacenter/funcs/clientStore.go:107.26,109.3 1 0
datacenter/funcs/clientStore.go:115.70,119.21 2 0
datacenter/funcs/clientStore.go:122.2,122.12 1 0
datacenter/funcs/clientStore.go:119.21,121.3 1 0
datacenter/funcs/clientStore.go:125.104,126.14 1 0
datacenter/funcs/clientStore.go:131.2,132.8 2 0
datacenter/funcs/clientStore.go:126.14,128.3 1 0
datacenter/funcs/clientStore.go:135.110,140.2 2 0
datacenter/funcs/clientStore.go:142.79,147.2 1 0
datacenter/funcs/clientStore.go:149.71,154.2 1 0
datacenter/funcs/clientStore.go:156.73,161.2 1 0
datacenter/middleware/cores.go:18.29,19.30 1 1
datacenter/middleware/cores.go:19.30,24.19 3 2
datacenter/middleware/cores.go:41.3,41.26 1 2
datacenter/middleware/cores.go:45.3,45.16 1 2
datacenter/middleware/cores.go:51.3,51.11 1 2
datacenter/middleware/cores.go:24.19,38.4 6 0
datacenter/middleware/cores.go:41.26,43.4 1 0
datacenter/middleware/cores.go:45.16,46.36 1 2
datacenter/middleware/cores.go:46.36,48.5 1 0
